<?xml version="1.0" encoding="UTF-8"?>
<coverage generated="1724216808267" clover="3.2.0">
  <project timestamp="1724216808267" name="All files">
    <metrics statements="12" coveredstatements="6" conditionals="0" coveredconditionals="0" methods="6" coveredmethods="3" elements="18" coveredelements="9" complexity="0" loc="12" ncloc="12" packages="1" files="2" classes="2"/>
    <file name="math - Copy.js" path="C:\Projects\nodejs project\src\math - Copy.js">
      <metrics statements="6" coveredstatements="2" conditionals="0" coveredconditionals="0" methods="3" coveredmethods="1"/>
      <line num="2" count="0" type="stmt"/>
      <line num="3" count="0" type="stmt"/>
      <line num="7" count="1" type="stmt"/>
      <line num="12" count="0" type="stmt"/>
      <line num="13" count="0" type="stmt"/>
      <line num="15" count="1" type="stmt"/>
    </file>
    <file name="math.js" path="C:\Projects\nodejs project\src\math.js">
      <metrics statements="6" coveredstatements="4" conditionals="0" coveredconditionals="0" methods="3" coveredmethods="2"/>
      <line num="2" count="2" type="stmt"/>
      <line num="3" count="2" type="stmt"/>
      <line num="7" count="2" type="stmt"/>
      <line num="11" count="0" type="stmt"/>
      <line num="12" count="0" type="stmt"/>
      <line num="15" count="1" type="stmt"/>
    </file>
  </project>
</coverage>
