{"C:\\Projects\\nodejs project\\src\\math - Copy.js": {"path":"C:\\Projects\\nodejs project\\src\\math - Copy.js","statementMap":{"0":{"start":{"line":2,"column":2},"end":{"line":2,"column":8}},"1":{"start":{"line":3,"column":2},"end":{"line":3,"column":15}},"2":{"start":{"line":7,"column":2},"end":{"line":7,"column":15}},"3":{"start":{"line":12,"column":3},"end":{"line":12,"column":9}},"4":{"start":{"line":13,"column":2},"end":{"line":13,"column":15}},"5":{"start":{"line":15,"column":0},"end":{"line":15,"column":37}}},"fnMap":{"0":{"name":"add2","decl":{"start":{"line":1,"column":9},"end":{"line":1,"column":13}},"loc":{"start":{"line":1,"column":20},"end":{"line":4,"column":1}},"line":1},"1":{"name":"subtract2","decl":{"start":{"line":6,"column":9},"end":{"line":6,"column":18}},"loc":{"start":{"line":6,"column":25},"end":{"line":8,"column":1}},"line":6},"2":{"name":"subtract3","decl":{"start":{"line":11,"column":9},"end":{"line":11,"column":18}},"loc":{"start":{"line":11,"column":25},"end":{"line":14,"column":1}},"line":11}},"branchMap":{},"s":{"0":0,"1":0,"2":1,"3":0,"4":0,"5":1},"f":{"0":0,"1":1,"2":0},"b":{},"_coverageSchema":"1a1c01bbd47fc00a2c39e90264f33305004495a9","hash":"d05ba2149fac36f82bf876f2e10eb878bd6dad61"}
,"C:\\Projects\\nodejs project\\src\\math.js": {"path":"C:\\Projects\\nodejs project\\src\\math.js","statementMap":{"0":{"start":{"line":2,"column":2},"end":{"line":2,"column":8}},"1":{"start":{"line":3,"column":2},"end":{"line":3,"column":15}},"2":{"start":{"line":7,"column":2},"end":{"line":7,"column":15}},"3":{"start":{"line":11,"column":2},"end":{"line":11,"column":8}},"4":{"start":{"line":12,"column":2},"end":{"line":12,"column":15}},"5":{"start":{"line":15,"column":0},"end":{"line":15,"column":35}}},"fnMap":{"0":{"name":"add","decl":{"start":{"line":1,"column":9},"end":{"line":1,"column":12}},"loc":{"start":{"line":1,"column":19},"end":{"line":4,"column":1}},"line":1},"1":{"name":"subtract","decl":{"start":{"line":6,"column":9},"end":{"line":6,"column":17}},"loc":{"start":{"line":6,"column":24},"end":{"line":8,"column":1}},"line":6},"2":{"name":"add2","decl":{"start":{"line":10,"column":9},"end":{"line":10,"column":13}},"loc":{"start":{"line":10,"column":20},"end":{"line":13,"column":1}},"line":10}},"branchMap":{},"s":{"0":2,"1":2,"2":2,"3":0,"4":0,"5":1},"f":{"0":2,"1":2,"2":0},"b":{},"_coverageSchema":"1a1c01bbd47fc00a2c39e90264f33305004495a9","hash":"c915e98243039bb6a924b9f7e400d6970f1def53"}
}
